<?xml version="1.0" encoding="UTF-8"?>
<!-- Generated by org.testng.reporters.JUnitReportReporter -->
<testsuite skipped="0" hostname="LAPTOP-K57F97K6" name="runner.GoogleRunner" tests="2" failures="1" timestamp="2021-08-12T10:27:33 IST" time="29.708" errors="0">
  <testcase name="runScenario" time="7.180" classname="runner.GoogleRunner">
    <failure type="java.lang.AssertionError" message="expected [Selenium Tutorial - Google Search] but found [Selenium Tutori al - Google Search]">
      <![CDATA[java.lang.AssertionError: expected [Selenium Tutorial - Google Search] but found [Selenium Tutori al - Google Search]
at org.testng.Assert.fail(Assert.java:99)
at org.testng.Assert.failNotEquals(Assert.java:1037)
at org.testng.Assert.assertEqualsImpl(Assert.java:140)
at org.testng.Assert.assertEquals(Assert.java:122)
at org.testng.Assert.assertEquals(Assert.java:629)
at org.testng.Assert.assertEquals(Assert.java:639)
at stepdef.GooglePage.then1(GooglePage.java:71)
at ✽.should display Selenium result page(file:///C:/Users/PCWORLD/eclipse-workspace_21/testcucumber/src/test/resources/feature/googlePage.feature:15)
]]>
    </failure>
  </testcase> <!-- runScenario -->
  <system-out/>
  <testcase name="runScenario" time="22.528" classname="runner.GoogleRunner"/>
  <system-out/>
</testsuite> <!-- runner.GoogleRunner -->
